<?xml version="1.0" encoding="UTF-8"?>
<testsuite name="com.jobg.backend.web.rest.util.PaginationUtilUnitTest" tests="4" skipped="0" failures="0" errors="0" timestamp="2018-01-06T10:58:30" hostname="TRUNGNQs-MacBook-Air.local" time="0.013">
  <properties/>
  <testcase name="greaterSemicolonTest" classname="com.jobg.backend.web.rest.util.PaginationUtilUnitTest" time="0.006"/>
  <testcase name="commaTest" classname="com.jobg.backend.web.rest.util.PaginationUtilUnitTest" time="0.001"/>
  <testcase name="multiplePagesTest" classname="com.jobg.backend.web.rest.util.PaginationUtilUnitTest" time="0.004"/>
  <testcase name="generatePaginationHttpHeadersTest" classname="com.jobg.backend.web.rest.util.PaginationUtilUnitTest" time="0.0"/>
  <system-out><![CDATA[]]></system-out>
  <system-err><![CDATA[]]></system-err>
</testsuite>
