<?xml version="1.0" encoding="UTF-8"?>
<testsuite name="com.jobg.backend.web.rest.errors.ExceptionTranslatorIntTest" tests="11" skipped="0" failures="0" errors="0" timestamp="2018-01-06T10:59:04" hostname="TRUNGNQs-MacBook-Air.local" time="2.653">
  <properties/>
  <testcase name="testMissingServletRequestPartException" classname="com.jobg.backend.web.rest.errors.ExceptionTranslatorIntTest" time="0.178"/>
  <testcase name="testMissingServletRequestParameterException" classname="com.jobg.backend.web.rest.errors.ExceptionTranslatorIntTest" time="0.15"/>
  <testcase name="testAccessDenied" classname="com.jobg.backend.web.rest.errors.ExceptionTranslatorIntTest" time="0.283"/>
  <testcase name="testParameterizedError" classname="com.jobg.backend.web.rest.errors.ExceptionTranslatorIntTest" time="0.346"/>
  <testcase name="testInternalServerError" classname="com.jobg.backend.web.rest.errors.ExceptionTranslatorIntTest" time="0.391"/>
  <testcase name="testMethodNotSupported" classname="com.jobg.backend.web.rest.errors.ExceptionTranslatorIntTest" time="0.272"/>
  <testcase name="testExceptionWithResponseStatus" classname="com.jobg.backend.web.rest.errors.ExceptionTranslatorIntTest" time="0.123"/>
  <testcase name="testMethodArgumentNotValid" classname="com.jobg.backend.web.rest.errors.ExceptionTranslatorIntTest" time="0.138"/>
  <testcase name="testParameterizedError2" classname="com.jobg.backend.web.rest.errors.ExceptionTranslatorIntTest" time="0.137"/>
  <testcase name="testUnauthorized" classname="com.jobg.backend.web.rest.errors.ExceptionTranslatorIntTest" time="0.228"/>
  <testcase name="testConcurrencyFailure" classname="com.jobg.backend.web.rest.errors.ExceptionTranslatorIntTest" time="0.377"/>
  <system-out><![CDATA[2018-01-06 17:59:04.352  WARN 32460 --- [    Test worker] o.z.p.spring.web.advice.AdviceTrait      : Bad Request: Required request part 'missing Servlet request part' is not present
2018-01-06 17:59:04.505  WARN 32460 --- [    Test worker] o.z.p.spring.web.advice.AdviceTrait      : Bad Request: Required parameter type parameter 'missing Servlet request parameter' is not present
2018-01-06 17:59:04.774  WARN 32460 --- [    Test worker] o.z.p.spring.web.advice.AdviceTrait      : Forbidden: test access denied!
2018-01-06 17:59:05.066  WARN 32460 --- [    Test worker] o.z.p.spring.web.advice.AdviceTrait      : Bad Request: Parameterized Exception
2018-01-06 17:59:05.441 ERROR 32460 --- [    Test worker] o.z.p.spring.web.advice.AdviceTrait      : Internal Server Error

java.lang.RuntimeException: null
	at com.jobg.backend.web.rest.errors.ExceptionTranslatorTestController.internalServerError(ExceptionTranslatorTestController.java:68)
	at sun.reflect.NativeMethodAccessorImpl.invoke0(Native Method)
	at sun.reflect.NativeMethodAccessorImpl.invoke(NativeMethodAccessorImpl.java:62)
	at sun.reflect.DelegatingMethodAccessorImpl.invoke(DelegatingMethodAccessorImpl.java:43)
	at java.lang.reflect.Method.invoke(Method.java:498)
	at org.springframework.web.method.support.InvocableHandlerMethod.doInvoke(InvocableHandlerMethod.java:205)
	at org.springframework.web.method.support.InvocableHandlerMethod.invokeForRequest(InvocableHandlerMethod.java:133)
	at org.springframework.web.servlet.mvc.method.annotation.ServletInvocableHandlerMethod.invokeAndHandle(ServletInvocableHandlerMethod.java:97)
	at org.springframework.web.servlet.mvc.method.annotation.RequestMappingHandlerAdapter.invokeHandlerMethod(RequestMappingHandlerAdapter.java:827)
	at org.springframework.web.servlet.mvc.method.annotation.RequestMappingHandlerAdapter.handleInternal(RequestMappingHandlerAdapter.java:738)
	at org.springframework.web.servlet.mvc.method.AbstractHandlerMethodAdapter.handle(AbstractHandlerMethodAdapter.java:85)
	at org.springframework.web.servlet.DispatcherServlet.doDispatch(DispatcherServlet.java:967)
	at org.springframework.web.servlet.DispatcherServlet.doService(DispatcherServlet.java:901)
	at org.springframework.web.servlet.FrameworkServlet.processRequest(FrameworkServlet.java:970)
	at org.springframework.web.servlet.FrameworkServlet.doGet(FrameworkServlet.java:861)
	at javax.servlet.http.HttpServlet.service(HttpServlet.java:687)
	at org.springframework.web.servlet.FrameworkServlet.service(FrameworkServlet.java:846)
	at org.springframework.test.web.servlet.TestDispatcherServlet.service(TestDispatcherServlet.java:65)
	at javax.servlet.http.HttpServlet.service(HttpServlet.java:790)
	at org.springframework.mock.web.MockFilterChain$ServletFilterProxy.doFilter(MockFilterChain.java:167)
	at org.springframework.mock.web.MockFilterChain.doFilter(MockFilterChain.java:134)
	at org.springframework.test.web.servlet.MockMvc.perform(MockMvc.java:155)
	at com.jobg.backend.web.rest.errors.ExceptionTranslatorIntTest.testInternalServerError(ExceptionTranslatorIntTest.java:144)
	at sun.reflect.NativeMethodAccessorImpl.invoke0(Native Method)
	at sun.reflect.NativeMethodAccessorImpl.invoke(NativeMethodAccessorImpl.java:62)
	at sun.reflect.DelegatingMethodAccessorImpl.invoke(DelegatingMethodAccessorImpl.java:43)
	at java.lang.reflect.Method.invoke(Method.java:498)
	at org.junit.runners.model.FrameworkMethod$1.runReflectiveCall(FrameworkMethod.java:50)
	at org.junit.internal.runners.model.ReflectiveCallable.run(ReflectiveCallable.java:12)
	at org.junit.runners.model.FrameworkMethod.invokeExplosively(FrameworkMethod.java:47)
	at org.junit.internal.runners.statements.InvokeMethod.evaluate(InvokeMethod.java:17)
	at org.junit.internal.runners.statements.RunBefores.evaluate(RunBefores.java:26)
	at org.springframework.test.context.junit4.statements.RunBeforeTestMethodCallbacks.evaluate(RunBeforeTestMethodCallbacks.java:75)
	at org.springframework.test.context.junit4.statements.RunAfterTestMethodCallbacks.evaluate(RunAfterTestMethodCallbacks.java:86)
	at org.springframework.test.context.junit4.statements.SpringRepeat.evaluate(SpringRepeat.java:84)
	at org.junit.runners.ParentRunner.runLeaf(ParentRunner.java:325)
	at org.springframework.test.context.junit4.SpringJUnit4ClassRunner.runChild(SpringJUnit4ClassRunner.java:252)
	at org.springframework.test.context.junit4.SpringJUnit4ClassRunner.runChild(SpringJUnit4ClassRunner.java:94)
	at org.junit.runners.ParentRunner$3.run(ParentRunner.java:290)
	at org.junit.runners.ParentRunner$1.schedule(ParentRunner.java:71)
	at org.junit.runners.ParentRunner.runChildren(ParentRunner.java:288)
	at org.junit.runners.ParentRunner.access$000(ParentRunner.java:58)
	at org.junit.runners.ParentRunner$2.evaluate(ParentRunner.java:268)
	at org.springframework.test.context.junit4.statements.RunBeforeTestClassCallbacks.evaluate(RunBeforeTestClassCallbacks.java:61)
	at org.springframework.test.context.junit4.statements.RunAfterTestClassCallbacks.evaluate(RunAfterTestClassCallbacks.java:70)
	at org.junit.runners.ParentRunner.run(ParentRunner.java:363)
	at org.springframework.test.context.junit4.SpringJUnit4ClassRunner.run(SpringJUnit4ClassRunner.java:191)
	at org.gradle.api.internal.tasks.testing.junit.JUnitTestClassExecuter.runTestClass(JUnitTestClassExecuter.java:114)
	at org.gradle.api.internal.tasks.testing.junit.JUnitTestClassExecuter.execute(JUnitTestClassExecuter.java:57)
	at org.gradle.api.internal.tasks.testing.junit.JUnitTestClassProcessor.processTestClass(JUnitTestClassProcessor.java:66)
	at org.gradle.api.internal.tasks.testing.SuiteTestClassProcessor.processTestClass(SuiteTestClassProcessor.java:51)
	at sun.reflect.NativeMethodAccessorImpl.invoke0(Native Method)
	at sun.reflect.NativeMethodAccessorImpl.invoke(NativeMethodAccessorImpl.java:62)
	at sun.reflect.DelegatingMethodAccessorImpl.invoke(DelegatingMethodAccessorImpl.java:43)
	at java.lang.reflect.Method.invoke(Method.java:498)
	at org.gradle.internal.dispatch.ReflectionDispatch.dispatch(ReflectionDispatch.java:35)
	at org.gradle.internal.dispatch.ReflectionDispatch.dispatch(ReflectionDispatch.java:24)
	at org.gradle.internal.dispatch.ContextClassLoaderDispatch.dispatch(ContextClassLoaderDispatch.java:32)
	at org.gradle.internal.dispatch.ProxyDispatchAdapter$DispatchingInvocationHandler.invoke(ProxyDispatchAdapter.java:93)
	at com.sun.proxy.$Proxy1.processTestClass(Unknown Source)
	at org.gradle.api.internal.tasks.testing.worker.TestWorker.processTestClass(TestWorker.java:108)
	at sun.reflect.NativeMethodAccessorImpl.invoke0(Native Method)
	at sun.reflect.NativeMethodAccessorImpl.invoke(NativeMethodAccessorImpl.java:62)
	at sun.reflect.DelegatingMethodAccessorImpl.invoke(DelegatingMethodAccessorImpl.java:43)
	at java.lang.reflect.Method.invoke(Method.java:498)
	at org.gradle.internal.dispatch.ReflectionDispatch.dispatch(ReflectionDispatch.java:35)
	at org.gradle.internal.dispatch.ReflectionDispatch.dispatch(ReflectionDispatch.java:24)
	at org.gradle.internal.remote.internal.hub.MessageHubBackedObjectConnection$DispatchWrapper.dispatch(MessageHubBackedObjectConnection.java:146)
	at org.gradle.internal.remote.internal.hub.MessageHubBackedObjectConnection$DispatchWrapper.dispatch(MessageHubBackedObjectConnection.java:128)
	at org.gradle.internal.remote.internal.hub.MessageHub$Handler.run(MessageHub.java:404)
	at org.gradle.internal.concurrent.ExecutorPolicy$CatchAndRecordFailures.onExecute(ExecutorPolicy.java:63)
	at org.gradle.internal.concurrent.ManagedExecutorImpl$1.run(ManagedExecutorImpl.java:46)
	at java.util.concurrent.ThreadPoolExecutor.runWorker(ThreadPoolExecutor.java:1142)
	at java.util.concurrent.ThreadPoolExecutor$Worker.run(ThreadPoolExecutor.java:617)
	at org.gradle.internal.concurrent.ThreadFactoryImpl$ManagedThreadRunnable.run(ThreadFactoryImpl.java:55)
	at java.lang.Thread.run(Thread.java:748)

2018-01-06 17:59:05.816  WARN 32460 --- [    Test worker] o.z.p.spring.web.advice.AdviceTrait      : Method Not Allowed: Request method 'POST' not supported
2018-01-06 17:59:05.938  WARN 32460 --- [    Test worker] o.z.p.spring.web.advice.AdviceTrait      : Bad Request: null
2018-01-06 17:59:06.073  WARN 32460 --- [    Test worker] o.z.p.spring.web.advice.AdviceTrait      : Bad Request: Validation failed for argument at index 0 in method: public void com.jobg.backend.web.rest.errors.ExceptionTranslatorTestController.methodArgument(com.jobg.backend.web.rest.errors.ExceptionTranslatorTestController$TestDTO), with 1 error(s): [Field error in object 'testDTO' on field 'test': rejected value [null]; codes [NotNull.testDTO.test,NotNull.test,NotNull.java.lang.String,NotNull]; arguments [org.springframework.context.support.DefaultMessageSourceResolvable: codes [testDTO.test,test]; arguments []; default message [test]]; default message [may not be null]] 
2018-01-06 17:59:06.216  WARN 32460 --- [    Test worker] o.z.p.spring.web.advice.AdviceTrait      : Bad Request: Parameterized Exception
2018-01-06 17:59:06.438  WARN 32460 --- [    Test worker] o.z.p.spring.web.advice.AdviceTrait      : Unauthorized: test authentication failed!
2018-01-06 17:59:06.827  WARN 32460 --- [    Test worker] o.z.p.spring.web.advice.AdviceTrait      : Conflict: test concurrency failure
]]></system-out>
  <system-err><![CDATA[]]></system-err>
</testsuite>
