<?xml version="1.0" encoding="UTF-8"?>
<testsuite name="com.jobg.backend.web.rest.AuditResourceIntTest" tests="5" skipped="0" failures="0" errors="0" timestamp="2018-01-06T10:59:03" hostname="TRUNGNQs-MacBook-Air.local" time="0.352">
  <properties/>
  <testcase name="getNonExistingAudit" classname="com.jobg.backend.web.rest.AuditResourceIntTest" time="0.075"/>
  <testcase name="getNonExistingAuditsByDate" classname="com.jobg.backend.web.rest.AuditResourceIntTest" time="0.09"/>
  <testcase name="getAllAudits" classname="com.jobg.backend.web.rest.AuditResourceIntTest" time="0.061"/>
  <testcase name="getAuditsByDate" classname="com.jobg.backend.web.rest.AuditResourceIntTest" time="0.043"/>
  <testcase name="getAudit" classname="com.jobg.backend.web.rest.AuditResourceIntTest" time="0.066"/>
  <system-out><![CDATA[]]></system-out>
  <system-err><![CDATA[]]></system-err>
</testsuite>
