<?xml version="1.0" encoding="UTF-8"?>
<testsuite name="com.jobg.backend.web.rest.UserResourceIntTest" tests="18" skipped="0" failures="0" errors="0" timestamp="2018-01-06T10:58:30" hostname="TRUNGNQs-MacBook-Air.local" time="8.766">
  <properties/>
  <testcase name="createUserWithExistingEmail" classname="com.jobg.backend.web.rest.UserResourceIntTest" time="1.889"/>
  <testcase name="createUserWithExistingLogin" classname="com.jobg.backend.web.rest.UserResourceIntTest" time="0.337"/>
  <testcase name="getAllUsers" classname="com.jobg.backend.web.rest.UserResourceIntTest" time="0.573"/>
  <testcase name="updateUser" classname="com.jobg.backend.web.rest.UserResourceIntTest" time="0.486"/>
  <testcase name="getAllAuthorities" classname="com.jobg.backend.web.rest.UserResourceIntTest" time="0.388"/>
  <testcase name="getUser" classname="com.jobg.backend.web.rest.UserResourceIntTest" time="0.45"/>
  <testcase name="createUserWithExistingId" classname="com.jobg.backend.web.rest.UserResourceIntTest" time="0.25"/>
  <testcase name="testUserDTOtoUser" classname="com.jobg.backend.web.rest.UserResourceIntTest" time="0.229"/>
  <testcase name="testUserEquals" classname="com.jobg.backend.web.rest.UserResourceIntTest" time="0.265"/>
  <testcase name="getNonExistingUser" classname="com.jobg.backend.web.rest.UserResourceIntTest" time="0.21"/>
  <testcase name="testUserFromId" classname="com.jobg.backend.web.rest.UserResourceIntTest" time="0.566"/>
  <testcase name="testAuthorityEquals" classname="com.jobg.backend.web.rest.UserResourceIntTest" time="0.272"/>
  <testcase name="updateUserExistingEmail" classname="com.jobg.backend.web.rest.UserResourceIntTest" time="0.483"/>
  <testcase name="updateUserExistingLogin" classname="com.jobg.backend.web.rest.UserResourceIntTest" time="0.393"/>
  <testcase name="createUser" classname="com.jobg.backend.web.rest.UserResourceIntTest" time="0.577"/>
  <testcase name="updateUserLogin" classname="com.jobg.backend.web.rest.UserResourceIntTest" time="0.54"/>
  <testcase name="deleteUser" classname="com.jobg.backend.web.rest.UserResourceIntTest" time="0.521"/>
  <testcase name="testUserToUserDTO" classname="com.jobg.backend.web.rest.UserResourceIntTest" time="0.252"/>
  <system-out><![CDATA[2018-01-06 17:58:32.293 ERROR 32460 --- [    Test worker] c.jobg.backend.web.rest.util.HeaderUtil  : Entity processing failed, Email address already in use
2018-01-06 17:58:32.296  WARN 32460 --- [    Test worker] o.z.p.spring.web.advice.AdviceTrait      : Bad Request: Email address already in use
2018-01-06 17:58:32.751 ERROR 32460 --- [    Test worker] c.jobg.backend.web.rest.util.HeaderUtil  : Entity processing failed, Login already in use
2018-01-06 17:58:32.752  WARN 32460 --- [    Test worker] o.z.p.spring.web.advice.AdviceTrait      : Bad Request: Login already in use
2018-01-06 17:58:34.942 ERROR 32460 --- [    Test worker] c.jobg.backend.web.rest.util.HeaderUtil  : Entity processing failed, A new user cannot already have an ID
2018-01-06 17:58:34.944  WARN 32460 --- [    Test worker] o.z.p.spring.web.advice.AdviceTrait      : Bad Request: A new user cannot already have an ID
2018-01-06 17:58:36.985 ERROR 32460 --- [    Test worker] c.jobg.backend.web.rest.util.HeaderUtil  : Entity processing failed, Email address already in use
2018-01-06 17:58:37.001  WARN 32460 --- [    Test worker] o.z.p.spring.web.advice.AdviceTrait      : Bad Request: Email address already in use
2018-01-06 17:58:37.375 ERROR 32460 --- [    Test worker] c.jobg.backend.web.rest.util.HeaderUtil  : Entity processing failed, Login already in use
2018-01-06 17:58:37.393  WARN 32460 --- [    Test worker] o.z.p.spring.web.advice.AdviceTrait      : Bad Request: Login already in use
]]></system-out>
  <system-err><![CDATA[]]></system-err>
</testsuite>
