<?xml version="1.0" encoding="UTF-8"?>
<testsuite name="com.jobg.backend.web.rest.AccountResourceIntTest" tests="28" skipped="0" failures="0" errors="0" timestamp="2018-01-06T10:58:39" hostname="TRUNGNQs-MacBook-Air.local" time="23.573">
  <properties/>
  <testcase name="testSaveInvalidEmail" classname="com.jobg.backend.web.rest.AccountResourceIntTest" time="1.049"/>
  <testcase name="testRequestPasswordReset" classname="com.jobg.backend.web.rest.AccountResourceIntTest" time="0.443"/>
  <testcase name="testFinishPasswordResetTooSmall" classname="com.jobg.backend.web.rest.AccountResourceIntTest" time="0.475"/>
  <testcase name="testSaveExistingEmail" classname="com.jobg.backend.web.rest.AccountResourceIntTest" time="0.445"/>
  <testcase name="testSaveExistingEmailAndLogin" classname="com.jobg.backend.web.rest.AccountResourceIntTest" time="0.417"/>
  <testcase name="testRegisterInvalidEmail" classname="com.jobg.backend.web.rest.AccountResourceIntTest" time="0.52"/>
  <testcase name="testRegisterInvalidLogin" classname="com.jobg.backend.web.rest.AccountResourceIntTest" time="0.452"/>
  <testcase name="testRegisterInvalidPassword" classname="com.jobg.backend.web.rest.AccountResourceIntTest" time="0.986"/>
  <testcase name="testSaveAccount" classname="com.jobg.backend.web.rest.AccountResourceIntTest" time="0.493"/>
  <testcase name="testFinishPasswordReset" classname="com.jobg.backend.web.rest.AccountResourceIntTest" time="0.579"/>
  <testcase name="testRegisterNullPassword" classname="com.jobg.backend.web.rest.AccountResourceIntTest" time="0.857"/>
  <testcase name="testRequestPasswordResetUpperCaseEmail" classname="com.jobg.backend.web.rest.AccountResourceIntTest" time="0.674"/>
  <testcase name="testRegisterAdminIsIgnored" classname="com.jobg.backend.web.rest.AccountResourceIntTest" time="0.849"/>
  <testcase name="testActivateAccountWithWrongKey" classname="com.jobg.backend.web.rest.AccountResourceIntTest" time="0.607"/>
  <testcase name="testGetUnknownAccount" classname="com.jobg.backend.web.rest.AccountResourceIntTest" time="0.565"/>
  <testcase name="testChangePassword" classname="com.jobg.backend.web.rest.AccountResourceIntTest" time="1.11"/>
  <testcase name="testChangePasswordTooSmall" classname="com.jobg.backend.web.rest.AccountResourceIntTest" time="0.297"/>
  <testcase name="testChangePasswordTooLong" classname="com.jobg.backend.web.rest.AccountResourceIntTest" time="0.362"/>
  <testcase name="testChangePasswordEmpty" classname="com.jobg.backend.web.rest.AccountResourceIntTest" time="0.781"/>
  <testcase name="testRegisterDuplicateEmail" classname="com.jobg.backend.web.rest.AccountResourceIntTest" time="1.677"/>
  <testcase name="testRegisterDuplicateLogin" classname="com.jobg.backend.web.rest.AccountResourceIntTest" time="1.331"/>
  <testcase name="testAuthenticatedUser" classname="com.jobg.backend.web.rest.AccountResourceIntTest" time="1.735"/>
  <testcase name="testActivateAccount" classname="com.jobg.backend.web.rest.AccountResourceIntTest" time="1.923"/>
  <testcase name="testRequestPasswordResetWrongEmail" classname="com.jobg.backend.web.rest.AccountResourceIntTest" time="1.189"/>
  <testcase name="testRegisterValid" classname="com.jobg.backend.web.rest.AccountResourceIntTest" time="1.777"/>
  <testcase name="testNonAuthenticatedUser" classname="com.jobg.backend.web.rest.AccountResourceIntTest" time="0.504"/>
  <testcase name="testGetExistingAccount" classname="com.jobg.backend.web.rest.AccountResourceIntTest" time="0.49"/>
  <testcase name="testFinishPasswordResetWrongKey" classname="com.jobg.backend.web.rest.AccountResourceIntTest" time="0.824"/>
  <system-out><![CDATA[2018-01-06 17:58:40.872  WARN 32460 --- [    Test worker] o.z.p.spring.web.advice.AdviceTrait      : Bad Request: Validation failed for argument at index 0 in method: public void com.jobg.backend.web.rest.AccountResource.saveAccount(com.jobg.backend.service.dto.UserDTO), with 1 error(s): [Field error in object 'userDTO' on field 'email': rejected value [invalid email]; codes [Email.userDTO.email,Email.email,Email.java.lang.String,Email]; arguments [org.springframework.context.support.DefaultMessageSourceResolvable: codes [userDTO.email,email]; arguments []; default message [email],[Ljavax.validation.constraints.Pattern$Flag;@7f882b5f,org.springframework.validation.beanvalidation.SpringValidatorAdapter$ResolvableAttribute@16ab4ffd]; default message [not a well-formed email address]] 
2018-01-06 17:58:41.930  WARN 32460 --- [    Test worker] o.z.p.spring.web.advice.AdviceTrait      : Bad Request: Incorrect password
2018-01-06 17:58:41.950  WARN 32460 --- [    Test worker] o.s.s.c.bcrypt.BCryptPasswordEncoder     : Encoded password does not look like BCrypt
2018-01-06 17:58:42.395 ERROR 32460 --- [    Test worker] c.jobg.backend.web.rest.util.HeaderUtil  : Entity processing failed, Email address already in use
2018-01-06 17:58:42.397  WARN 32460 --- [    Test worker] o.z.p.spring.web.advice.AdviceTrait      : Bad Request: Email address already in use
2018-01-06 17:58:43.272  WARN 32460 --- [    Test worker] o.z.p.spring.web.advice.AdviceTrait      : Bad Request: Validation failed for argument at index 0 in method: public void com.jobg.backend.web.rest.AccountResource.registerAccount(com.jobg.backend.web.rest.vm.ManagedUserVM), with 1 error(s): [Field error in object 'managedUserVM' on field 'email': rejected value [invalid]; codes [Email.managedUserVM.email,Email.email,Email.java.lang.String,Email]; arguments [org.springframework.context.support.DefaultMessageSourceResolvable: codes [managedUserVM.email,email]; arguments []; default message [email],[Ljavax.validation.constraints.Pattern$Flag;@7f882b5f,org.springframework.validation.beanvalidation.SpringValidatorAdapter$ResolvableAttribute@561e7aaa]; default message [not a well-formed email address]] 
2018-01-06 17:58:43.764  WARN 32460 --- [    Test worker] o.z.p.spring.web.advice.AdviceTrait      : Bad Request: Validation failed for argument at index 0 in method: public void com.jobg.backend.web.rest.AccountResource.registerAccount(com.jobg.backend.web.rest.vm.ManagedUserVM), with 1 error(s): [Field error in object 'managedUserVM' on field 'login': rejected value [funky-log!n]; codes [Pattern.managedUserVM.login,Pattern.login,Pattern.java.lang.String,Pattern]; arguments [org.springframework.context.support.DefaultMessageSourceResolvable: codes [managedUserVM.login,login]; arguments []; default message [login],[Ljavax.validation.constraints.Pattern$Flag;@2ba3cba8,org.springframework.validation.beanvalidation.SpringValidatorAdapter$ResolvableAttribute@15b8b134]; default message [must match "^[_'.@A-Za-z0-9-]*$"]] 
2018-01-06 17:58:44.751  WARN 32460 --- [    Test worker] o.z.p.spring.web.advice.AdviceTrait      : Bad Request: Validation failed for argument at index 0 in method: public void com.jobg.backend.web.rest.AccountResource.registerAccount(com.jobg.backend.web.rest.vm.ManagedUserVM), with 1 error(s): [Field error in object 'managedUserVM' on field 'password': rejected value [123]; codes [Size.managedUserVM.password,Size.password,Size.java.lang.String,Size]; arguments [org.springframework.context.support.DefaultMessageSourceResolvable: codes [managedUserVM.password,password]; arguments []; default message [password],100,4]; default message [size must be between 4 and 100]] 
2018-01-06 17:58:46.696  WARN 32460 --- [    Test worker] o.z.p.spring.web.advice.AdviceTrait      : Bad Request: Incorrect password
2018-01-06 17:58:48.827 ERROR 32460 --- [    Test worker] o.z.p.spring.web.advice.AdviceTrait      : Internal Server Error

com.jobg.backend.web.rest.errors.InternalServerErrorException: No user was found for this reset key
	at com.jobg.backend.web.rest.AccountResource.activateAccount(AccountResource.java:79)
	at sun.reflect.NativeMethodAccessorImpl.invoke0(Native Method)
	at sun.reflect.NativeMethodAccessorImpl.invoke(NativeMethodAccessorImpl.java:62)
	at sun.reflect.DelegatingMethodAccessorImpl.invoke(DelegatingMethodAccessorImpl.java:43)
	at java.lang.reflect.Method.invoke(Method.java:498)
	at org.springframework.web.method.support.InvocableHandlerMethod.doInvoke(InvocableHandlerMethod.java:205)
	at org.springframework.web.method.support.InvocableHandlerMethod.invokeForRequest(InvocableHandlerMethod.java:133)
	at org.springframework.web.servlet.mvc.method.annotation.ServletInvocableHandlerMethod.invokeAndHandle(ServletInvocableHandlerMethod.java:97)
	at org.springframework.web.servlet.mvc.method.annotation.RequestMappingHandlerAdapter.invokeHandlerMethod(RequestMappingHandlerAdapter.java:827)
	at org.springframework.web.servlet.mvc.method.annotation.RequestMappingHandlerAdapter.handleInternal(RequestMappingHandlerAdapter.java:738)
	at org.springframework.web.servlet.mvc.method.AbstractHandlerMethodAdapter.handle(AbstractHandlerMethodAdapter.java:85)
	at org.springframework.web.servlet.DispatcherServlet.doDispatch(DispatcherServlet.java:967)
	at org.springframework.web.servlet.DispatcherServlet.doService(DispatcherServlet.java:901)
	at org.springframework.web.servlet.FrameworkServlet.processRequest(FrameworkServlet.java:970)
	at org.springframework.web.servlet.FrameworkServlet.doGet(FrameworkServlet.java:861)
	at javax.servlet.http.HttpServlet.service(HttpServlet.java:687)
	at org.springframework.web.servlet.FrameworkServlet.service(FrameworkServlet.java:846)
	at org.springframework.test.web.servlet.TestDispatcherServlet.service(TestDispatcherServlet.java:65)
	at javax.servlet.http.HttpServlet.service(HttpServlet.java:790)
	at org.springframework.mock.web.MockFilterChain$ServletFilterProxy.doFilter(MockFilterChain.java:167)
	at org.springframework.mock.web.MockFilterChain.doFilter(MockFilterChain.java:134)
	at org.springframework.test.web.servlet.MockMvc.perform(MockMvc.java:155)
	at com.jobg.backend.web.rest.AccountResourceIntTest.testActivateAccountWithWrongKey(AccountResourceIntTest.java:453)
	at sun.reflect.NativeMethodAccessorImpl.invoke0(Native Method)
	at sun.reflect.NativeMethodAccessorImpl.invoke(NativeMethodAccessorImpl.java:62)
	at sun.reflect.DelegatingMethodAccessorImpl.invoke(DelegatingMethodAccessorImpl.java:43)
	at java.lang.reflect.Method.invoke(Method.java:498)
	at org.junit.runners.model.FrameworkMethod$1.runReflectiveCall(FrameworkMethod.java:50)
	at org.junit.internal.runners.model.ReflectiveCallable.run(ReflectiveCallable.java:12)
	at org.junit.runners.model.FrameworkMethod.invokeExplosively(FrameworkMethod.java:47)
	at org.junit.internal.runners.statements.InvokeMethod.evaluate(InvokeMethod.java:17)
	at org.junit.internal.runners.statements.RunBefores.evaluate(RunBefores.java:26)
	at org.springframework.test.context.junit4.statements.RunBeforeTestMethodCallbacks.evaluate(RunBeforeTestMethodCallbacks.java:75)
	at org.springframework.test.context.junit4.statements.RunAfterTestMethodCallbacks.evaluate(RunAfterTestMethodCallbacks.java:86)
	at org.springframework.test.context.junit4.statements.SpringRepeat.evaluate(SpringRepeat.java:84)
	at org.junit.runners.ParentRunner.runLeaf(ParentRunner.java:325)
	at org.springframework.test.context.junit4.SpringJUnit4ClassRunner.runChild(SpringJUnit4ClassRunner.java:252)
	at org.springframework.test.context.junit4.SpringJUnit4ClassRunner.runChild(SpringJUnit4ClassRunner.java:94)
	at org.junit.runners.ParentRunner$3.run(ParentRunner.java:290)
	at org.junit.runners.ParentRunner$1.schedule(ParentRunner.java:71)
	at org.junit.runners.ParentRunner.runChildren(ParentRunner.java:288)
	at org.junit.runners.ParentRunner.access$000(ParentRunner.java:58)
	at org.junit.runners.ParentRunner$2.evaluate(ParentRunner.java:268)
	at org.springframework.test.context.junit4.statements.RunBeforeTestClassCallbacks.evaluate(RunBeforeTestClassCallbacks.java:61)
	at org.springframework.test.context.junit4.statements.RunAfterTestClassCallbacks.evaluate(RunAfterTestClassCallbacks.java:70)
	at org.junit.runners.ParentRunner.run(ParentRunner.java:363)
	at org.springframework.test.context.junit4.SpringJUnit4ClassRunner.run(SpringJUnit4ClassRunner.java:191)
	at org.gradle.api.internal.tasks.testing.junit.JUnitTestClassExecuter.runTestClass(JUnitTestClassExecuter.java:114)
	at org.gradle.api.internal.tasks.testing.junit.JUnitTestClassExecuter.execute(JUnitTestClassExecuter.java:57)
	at org.gradle.api.internal.tasks.testing.junit.JUnitTestClassProcessor.processTestClass(JUnitTestClassProcessor.java:66)
	at org.gradle.api.internal.tasks.testing.SuiteTestClassProcessor.processTestClass(SuiteTestClassProcessor.java:51)
	at sun.reflect.NativeMethodAccessorImpl.invoke0(Native Method)
	at sun.reflect.NativeMethodAccessorImpl.invoke(NativeMethodAccessorImpl.java:62)
	at sun.reflect.DelegatingMethodAccessorImpl.invoke(DelegatingMethodAccessorImpl.java:43)
	at java.lang.reflect.Method.invoke(Method.java:498)
	at org.gradle.internal.dispatch.ReflectionDispatch.dispatch(ReflectionDispatch.java:35)
	at org.gradle.internal.dispatch.ReflectionDispatch.dispatch(ReflectionDispatch.java:24)
	at org.gradle.internal.dispatch.ContextClassLoaderDispatch.dispatch(ContextClassLoaderDispatch.java:32)
	at org.gradle.internal.dispatch.ProxyDispatchAdapter$DispatchingInvocationHandler.invoke(ProxyDispatchAdapter.java:93)
	at com.sun.proxy.$Proxy1.processTestClass(Unknown Source)
	at org.gradle.api.internal.tasks.testing.worker.TestWorker.processTestClass(TestWorker.java:108)
	at sun.reflect.NativeMethodAccessorImpl.invoke0(Native Method)
	at sun.reflect.NativeMethodAccessorImpl.invoke(NativeMethodAccessorImpl.java:62)
	at sun.reflect.DelegatingMethodAccessorImpl.invoke(DelegatingMethodAccessorImpl.java:43)
	at java.lang.reflect.Method.invoke(Method.java:498)
	at org.gradle.internal.dispatch.ReflectionDispatch.dispatch(ReflectionDispatch.java:35)
	at org.gradle.internal.dispatch.ReflectionDispatch.dispatch(ReflectionDispatch.java:24)
	at org.gradle.internal.remote.internal.hub.MessageHubBackedObjectConnection$DispatchWrapper.dispatch(MessageHubBackedObjectConnection.java:146)
	at org.gradle.internal.remote.internal.hub.MessageHubBackedObjectConnection$DispatchWrapper.dispatch(MessageHubBackedObjectConnection.java:128)
	at org.gradle.internal.remote.internal.hub.MessageHub$Handler.run(MessageHub.java:404)
	at org.gradle.internal.concurrent.ExecutorPolicy$CatchAndRecordFailures.onExecute(ExecutorPolicy.java:63)
	at org.gradle.internal.concurrent.ManagedExecutorImpl$1.run(ManagedExecutorImpl.java:46)
	at java.util.concurrent.ThreadPoolExecutor.runWorker(ThreadPoolExecutor.java:1142)
	at java.util.concurrent.ThreadPoolExecutor$Worker.run(ThreadPoolExecutor.java:617)
	at org.gradle.internal.concurrent.ThreadFactoryImpl$ManagedThreadRunnable.run(ThreadFactoryImpl.java:55)
	at java.lang.Thread.run(Thread.java:748)

2018-01-06 17:58:49.446 ERROR 32460 --- [    Test worker] o.z.p.spring.web.advice.AdviceTrait      : Internal Server Error

com.jobg.backend.web.rest.errors.InternalServerErrorException: User could not be found
	at com.jobg.backend.web.rest.AccountResource.lambda$getAccount$2(AccountResource.java:107)
	at java.util.Optional.orElseThrow(Optional.java:290)
	at com.jobg.backend.web.rest.AccountResource.getAccount(AccountResource.java:107)
	at sun.reflect.NativeMethodAccessorImpl.invoke0(Native Method)
	at sun.reflect.NativeMethodAccessorImpl.invoke(NativeMethodAccessorImpl.java:62)
	at sun.reflect.DelegatingMethodAccessorImpl.invoke(DelegatingMethodAccessorImpl.java:43)
	at java.lang.reflect.Method.invoke(Method.java:498)
	at org.springframework.web.method.support.InvocableHandlerMethod.doInvoke(InvocableHandlerMethod.java:205)
	at org.springframework.web.method.support.InvocableHandlerMethod.invokeForRequest(InvocableHandlerMethod.java:133)
	at org.springframework.web.servlet.mvc.method.annotation.ServletInvocableHandlerMethod.invokeAndHandle(ServletInvocableHandlerMethod.java:97)
	at org.springframework.web.servlet.mvc.method.annotation.RequestMappingHandlerAdapter.invokeHandlerMethod(RequestMappingHandlerAdapter.java:827)
	at org.springframework.web.servlet.mvc.method.annotation.RequestMappingHandlerAdapter.handleInternal(RequestMappingHandlerAdapter.java:738)
	at org.springframework.web.servlet.mvc.method.AbstractHandlerMethodAdapter.handle(AbstractHandlerMethodAdapter.java:85)
	at org.springframework.web.servlet.DispatcherServlet.doDispatch(DispatcherServlet.java:967)
	at org.springframework.web.servlet.DispatcherServlet.doService(DispatcherServlet.java:901)
	at org.springframework.web.servlet.FrameworkServlet.processRequest(FrameworkServlet.java:970)
	at org.springframework.web.servlet.FrameworkServlet.doGet(FrameworkServlet.java:861)
	at javax.servlet.http.HttpServlet.service(HttpServlet.java:687)
	at org.springframework.web.servlet.FrameworkServlet.service(FrameworkServlet.java:846)
	at org.springframework.test.web.servlet.TestDispatcherServlet.service(TestDispatcherServlet.java:65)
	at javax.servlet.http.HttpServlet.service(HttpServlet.java:790)
	at org.springframework.mock.web.MockFilterChain$ServletFilterProxy.doFilter(MockFilterChain.java:167)
	at org.springframework.mock.web.MockFilterChain.doFilter(MockFilterChain.java:134)
	at org.springframework.test.web.servlet.MockMvc.perform(MockMvc.java:155)
	at com.jobg.backend.web.rest.AccountResourceIntTest.testGetUnknownAccount(AccountResourceIntTest.java:155)
	at sun.reflect.NativeMethodAccessorImpl.invoke0(Native Method)
	at sun.reflect.NativeMethodAccessorImpl.invoke(NativeMethodAccessorImpl.java:62)
	at sun.reflect.DelegatingMethodAccessorImpl.invoke(DelegatingMethodAccessorImpl.java:43)
	at java.lang.reflect.Method.invoke(Method.java:498)
	at org.junit.runners.model.FrameworkMethod$1.runReflectiveCall(FrameworkMethod.java:50)
	at org.junit.internal.runners.model.ReflectiveCallable.run(ReflectiveCallable.java:12)
	at org.junit.runners.model.FrameworkMethod.invokeExplosively(FrameworkMethod.java:47)
	at org.junit.internal.runners.statements.InvokeMethod.evaluate(InvokeMethod.java:17)
	at org.junit.internal.runners.statements.RunBefores.evaluate(RunBefores.java:26)
	at org.springframework.test.context.junit4.statements.RunBeforeTestMethodCallbacks.evaluate(RunBeforeTestMethodCallbacks.java:75)
	at org.springframework.test.context.junit4.statements.RunAfterTestMethodCallbacks.evaluate(RunAfterTestMethodCallbacks.java:86)
	at org.springframework.test.context.junit4.statements.SpringRepeat.evaluate(SpringRepeat.java:84)
	at org.junit.runners.ParentRunner.runLeaf(ParentRunner.java:325)
	at org.springframework.test.context.junit4.SpringJUnit4ClassRunner.runChild(SpringJUnit4ClassRunner.java:252)
	at org.springframework.test.context.junit4.SpringJUnit4ClassRunner.runChild(SpringJUnit4ClassRunner.java:94)
	at org.junit.runners.ParentRunner$3.run(ParentRunner.java:290)
	at org.junit.runners.ParentRunner$1.schedule(ParentRunner.java:71)
	at org.junit.runners.ParentRunner.runChildren(ParentRunner.java:288)
	at org.junit.runners.ParentRunner.access$000(ParentRunner.java:58)
	at org.junit.runners.ParentRunner$2.evaluate(ParentRunner.java:268)
	at org.springframework.test.context.junit4.statements.RunBeforeTestClassCallbacks.evaluate(RunBeforeTestClassCallbacks.java:61)
	at org.springframework.test.context.junit4.statements.RunAfterTestClassCallbacks.evaluate(RunAfterTestClassCallbacks.java:70)
	at org.junit.runners.ParentRunner.run(ParentRunner.java:363)
	at org.springframework.test.context.junit4.SpringJUnit4ClassRunner.run(SpringJUnit4ClassRunner.java:191)
	at org.gradle.api.internal.tasks.testing.junit.JUnitTestClassExecuter.runTestClass(JUnitTestClassExecuter.java:114)
	at org.gradle.api.internal.tasks.testing.junit.JUnitTestClassExecuter.execute(JUnitTestClassExecuter.java:57)
	at org.gradle.api.internal.tasks.testing.junit.JUnitTestClassProcessor.processTestClass(JUnitTestClassProcessor.java:66)
	at org.gradle.api.internal.tasks.testing.SuiteTestClassProcessor.processTestClass(SuiteTestClassProcessor.java:51)
	at sun.reflect.NativeMethodAccessorImpl.invoke0(Native Method)
	at sun.reflect.NativeMethodAccessorImpl.invoke(NativeMethodAccessorImpl.java:62)
	at sun.reflect.DelegatingMethodAccessorImpl.invoke(DelegatingMethodAccessorImpl.java:43)
	at java.lang.reflect.Method.invoke(Method.java:498)
	at org.gradle.internal.dispatch.ReflectionDispatch.dispatch(ReflectionDispatch.java:35)
	at org.gradle.internal.dispatch.ReflectionDispatch.dispatch(ReflectionDispatch.java:24)
	at org.gradle.internal.dispatch.ContextClassLoaderDispatch.dispatch(ContextClassLoaderDispatch.java:32)
	at org.gradle.internal.dispatch.ProxyDispatchAdapter$DispatchingInvocationHandler.invoke(ProxyDispatchAdapter.java:93)
	at com.sun.proxy.$Proxy1.processTestClass(Unknown Source)
	at org.gradle.api.internal.tasks.testing.worker.TestWorker.processTestClass(TestWorker.java:108)
	at sun.reflect.NativeMethodAccessorImpl.invoke0(Native Method)
	at sun.reflect.NativeMethodAccessorImpl.invoke(NativeMethodAccessorImpl.java:62)
	at sun.reflect.DelegatingMethodAccessorImpl.invoke(DelegatingMethodAccessorImpl.java:43)
	at java.lang.reflect.Method.invoke(Method.java:498)
	at org.gradle.internal.dispatch.ReflectionDispatch.dispatch(ReflectionDispatch.java:35)
	at org.gradle.internal.dispatch.ReflectionDispatch.dispatch(ReflectionDispatch.java:24)
	at org.gradle.internal.remote.internal.hub.MessageHubBackedObjectConnection$DispatchWrapper.dispatch(MessageHubBackedObjectConnection.java:146)
	at org.gradle.internal.remote.internal.hub.MessageHubBackedObjectConnection$DispatchWrapper.dispatch(MessageHubBackedObjectConnection.java:128)
	at org.gradle.internal.remote.internal.hub.MessageHub$Handler.run(MessageHub.java:404)
	at org.gradle.internal.concurrent.ExecutorPolicy$CatchAndRecordFailures.onExecute(ExecutorPolicy.java:63)
	at org.gradle.internal.concurrent.ManagedExecutorImpl$1.run(ManagedExecutorImpl.java:46)
	at java.util.concurrent.ThreadPoolExecutor.runWorker(ThreadPoolExecutor.java:1142)
	at java.util.concurrent.ThreadPoolExecutor$Worker.run(ThreadPoolExecutor.java:617)
	at org.gradle.internal.concurrent.ThreadFactoryImpl$ManagedThreadRunnable.run(ThreadFactoryImpl.java:55)
	at java.lang.Thread.run(Thread.java:748)

2018-01-06 17:58:50.877  WARN 32460 --- [    Test worker] o.z.p.spring.web.advice.AdviceTrait      : Bad Request: Incorrect password
2018-01-06 17:58:51.237  WARN 32460 --- [    Test worker] o.z.p.spring.web.advice.AdviceTrait      : Bad Request: Incorrect password
2018-01-06 17:58:52.032  WARN 32460 --- [    Test worker] o.z.p.spring.web.advice.AdviceTrait      : Bad Request: Required request body is missing: public void com.jobg.backend.web.rest.AccountResource.changePassword(java.lang.String)
2018-01-06 17:58:53.589 ERROR 32460 --- [    Test worker] c.jobg.backend.web.rest.util.HeaderUtil  : Entity processing failed, Email address already in use
2018-01-06 17:58:53.598  WARN 32460 --- [    Test worker] o.z.p.spring.web.advice.AdviceTrait      : Bad Request: Email address already in use
2018-01-06 17:58:53.710 ERROR 32460 --- [    Test worker] c.jobg.backend.web.rest.util.HeaderUtil  : Entity processing failed, Email address already in use
2018-01-06 17:58:53.711  WARN 32460 --- [    Test worker] o.z.p.spring.web.advice.AdviceTrait      : Bad Request: Email address already in use
2018-01-06 17:58:55.017 ERROR 32460 --- [    Test worker] c.jobg.backend.web.rest.util.HeaderUtil  : Entity processing failed, Login already in use
2018-01-06 17:58:55.020  WARN 32460 --- [    Test worker] o.z.p.spring.web.advice.AdviceTrait      : Bad Request: Login already in use
2018-01-06 17:58:59.837  WARN 32460 --- [    Test worker] o.z.p.spring.web.advice.AdviceTrait      : Bad Request: Email address not registered
2018-01-06 17:59:03.489 ERROR 32460 --- [    Test worker] o.z.p.spring.web.advice.AdviceTrait      : Internal Server Error

com.jobg.backend.web.rest.errors.InternalServerErrorException: No user was found for this reset key
	at com.jobg.backend.web.rest.AccountResource.finishPasswordReset(AccountResource.java:180)
	at sun.reflect.NativeMethodAccessorImpl.invoke0(Native Method)
	at sun.reflect.NativeMethodAccessorImpl.invoke(NativeMethodAccessorImpl.java:62)
	at sun.reflect.DelegatingMethodAccessorImpl.invoke(DelegatingMethodAccessorImpl.java:43)
	at java.lang.reflect.Method.invoke(Method.java:498)
	at org.springframework.web.method.support.InvocableHandlerMethod.doInvoke(InvocableHandlerMethod.java:205)
	at org.springframework.web.method.support.InvocableHandlerMethod.invokeForRequest(InvocableHandlerMethod.java:133)
	at org.springframework.web.servlet.mvc.method.annotation.ServletInvocableHandlerMethod.invokeAndHandle(ServletInvocableHandlerMethod.java:97)
	at org.springframework.web.servlet.mvc.method.annotation.RequestMappingHandlerAdapter.invokeHandlerMethod(RequestMappingHandlerAdapter.java:827)
	at org.springframework.web.servlet.mvc.method.annotation.RequestMappingHandlerAdapter.handleInternal(RequestMappingHandlerAdapter.java:738)
	at org.springframework.web.servlet.mvc.method.AbstractHandlerMethodAdapter.handle(AbstractHandlerMethodAdapter.java:85)
	at org.springframework.web.servlet.DispatcherServlet.doDispatch(DispatcherServlet.java:967)
	at org.springframework.web.servlet.DispatcherServlet.doService(DispatcherServlet.java:901)
	at org.springframework.web.servlet.FrameworkServlet.processRequest(FrameworkServlet.java:970)
	at org.springframework.web.servlet.FrameworkServlet.doPost(FrameworkServlet.java:872)
	at javax.servlet.http.HttpServlet.service(HttpServlet.java:707)
	at org.springframework.web.servlet.FrameworkServlet.service(FrameworkServlet.java:846)
	at org.springframework.test.web.servlet.TestDispatcherServlet.service(TestDispatcherServlet.java:65)
	at javax.servlet.http.HttpServlet.service(HttpServlet.java:790)
	at org.springframework.mock.web.MockFilterChain$ServletFilterProxy.doFilter(MockFilterChain.java:167)
	at org.springframework.mock.web.MockFilterChain.doFilter(MockFilterChain.java:134)
	at org.springframework.test.web.servlet.MockMvc.perform(MockMvc.java:155)
	at com.jobg.backend.web.rest.AccountResourceIntTest.testFinishPasswordResetWrongKey(AccountResourceIntTest.java:787)
	at sun.reflect.NativeMethodAccessorImpl.invoke0(Native Method)
	at sun.reflect.NativeMethodAccessorImpl.invoke(NativeMethodAccessorImpl.java:62)
	at sun.reflect.DelegatingMethodAccessorImpl.invoke(DelegatingMethodAccessorImpl.java:43)
	at java.lang.reflect.Method.invoke(Method.java:498)
	at org.junit.runners.model.FrameworkMethod$1.runReflectiveCall(FrameworkMethod.java:50)
	at org.junit.internal.runners.model.ReflectiveCallable.run(ReflectiveCallable.java:12)
	at org.junit.runners.model.FrameworkMethod.invokeExplosively(FrameworkMethod.java:47)
	at org.junit.internal.runners.statements.InvokeMethod.evaluate(InvokeMethod.java:17)
	at org.junit.internal.runners.statements.RunBefores.evaluate(RunBefores.java:26)
	at org.springframework.test.context.junit4.statements.RunBeforeTestMethodCallbacks.evaluate(RunBeforeTestMethodCallbacks.java:75)
	at org.springframework.test.context.junit4.statements.RunAfterTestMethodCallbacks.evaluate(RunAfterTestMethodCallbacks.java:86)
	at org.springframework.test.context.junit4.statements.SpringRepeat.evaluate(SpringRepeat.java:84)
	at org.junit.runners.ParentRunner.runLeaf(ParentRunner.java:325)
	at org.springframework.test.context.junit4.SpringJUnit4ClassRunner.runChild(SpringJUnit4ClassRunner.java:252)
	at org.springframework.test.context.junit4.SpringJUnit4ClassRunner.runChild(SpringJUnit4ClassRunner.java:94)
	at org.junit.runners.ParentRunner$3.run(ParentRunner.java:290)
	at org.junit.runners.ParentRunner$1.schedule(ParentRunner.java:71)
	at org.junit.runners.ParentRunner.runChildren(ParentRunner.java:288)
	at org.junit.runners.ParentRunner.access$000(ParentRunner.java:58)
	at org.junit.runners.ParentRunner$2.evaluate(ParentRunner.java:268)
	at org.springframework.test.context.junit4.statements.RunBeforeTestClassCallbacks.evaluate(RunBeforeTestClassCallbacks.java:61)
	at org.springframework.test.context.junit4.statements.RunAfterTestClassCallbacks.evaluate(RunAfterTestClassCallbacks.java:70)
	at org.junit.runners.ParentRunner.run(ParentRunner.java:363)
	at org.springframework.test.context.junit4.SpringJUnit4ClassRunner.run(SpringJUnit4ClassRunner.java:191)
	at org.gradle.api.internal.tasks.testing.junit.JUnitTestClassExecuter.runTestClass(JUnitTestClassExecuter.java:114)
	at org.gradle.api.internal.tasks.testing.junit.JUnitTestClassExecuter.execute(JUnitTestClassExecuter.java:57)
	at org.gradle.api.internal.tasks.testing.junit.JUnitTestClassProcessor.processTestClass(JUnitTestClassProcessor.java:66)
	at org.gradle.api.internal.tasks.testing.SuiteTestClassProcessor.processTestClass(SuiteTestClassProcessor.java:51)
	at sun.reflect.NativeMethodAccessorImpl.invoke0(Native Method)
	at sun.reflect.NativeMethodAccessorImpl.invoke(NativeMethodAccessorImpl.java:62)
	at sun.reflect.DelegatingMethodAccessorImpl.invoke(DelegatingMethodAccessorImpl.java:43)
	at java.lang.reflect.Method.invoke(Method.java:498)
	at org.gradle.internal.dispatch.ReflectionDispatch.dispatch(ReflectionDispatch.java:35)
	at org.gradle.internal.dispatch.ReflectionDispatch.dispatch(ReflectionDispatch.java:24)
	at org.gradle.internal.dispatch.ContextClassLoaderDispatch.dispatch(ContextClassLoaderDispatch.java:32)
	at org.gradle.internal.dispatch.ProxyDispatchAdapter$DispatchingInvocationHandler.invoke(ProxyDispatchAdapter.java:93)
	at com.sun.proxy.$Proxy1.processTestClass(Unknown Source)
	at org.gradle.api.internal.tasks.testing.worker.TestWorker.processTestClass(TestWorker.java:108)
	at sun.reflect.NativeMethodAccessorImpl.invoke0(Native Method)
	at sun.reflect.NativeMethodAccessorImpl.invoke(NativeMethodAccessorImpl.java:62)
	at sun.reflect.DelegatingMethodAccessorImpl.invoke(DelegatingMethodAccessorImpl.java:43)
	at java.lang.reflect.Method.invoke(Method.java:498)
	at org.gradle.internal.dispatch.ReflectionDispatch.dispatch(ReflectionDispatch.java:35)
	at org.gradle.internal.dispatch.ReflectionDispatch.dispatch(ReflectionDispatch.java:24)
	at org.gradle.internal.remote.internal.hub.MessageHubBackedObjectConnection$DispatchWrapper.dispatch(MessageHubBackedObjectConnection.java:146)
	at org.gradle.internal.remote.internal.hub.MessageHubBackedObjectConnection$DispatchWrapper.dispatch(MessageHubBackedObjectConnection.java:128)
	at org.gradle.internal.remote.internal.hub.MessageHub$Handler.run(MessageHub.java:404)
	at org.gradle.internal.concurrent.ExecutorPolicy$CatchAndRecordFailures.onExecute(ExecutorPolicy.java:63)
	at org.gradle.internal.concurrent.ManagedExecutorImpl$1.run(ManagedExecutorImpl.java:46)
	at java.util.concurrent.ThreadPoolExecutor.runWorker(ThreadPoolExecutor.java:1142)
	at java.util.concurrent.ThreadPoolExecutor$Worker.run(ThreadPoolExecutor.java:617)
	at org.gradle.internal.concurrent.ThreadFactoryImpl$ManagedThreadRunnable.run(ThreadFactoryImpl.java:55)
	at java.lang.Thread.run(Thread.java:748)

]]></system-out>
  <system-err><![CDATA[]]></system-err>
</testsuite>
