<?xml version="1.0" encoding="UTF-8"?>
<testsuite name="com.jobg.backend.security.jwt.JWTFilterTest" tests="5" skipped="0" failures="0" errors="0" timestamp="2018-01-06T10:58:29" hostname="TRUNGNQs-MacBook-Air.local" time="0.468">
  <properties/>
  <testcase name="testJWTFilterInvalidToken" classname="com.jobg.backend.security.jwt.JWTFilterTest" time="0.043"/>
  <testcase name="testJWTFilter" classname="com.jobg.backend.security.jwt.JWTFilterTest" time="0.421"/>
  <testcase name="testJWTFilterMissingAuthorization" classname="com.jobg.backend.security.jwt.JWTFilterTest" time="0.001"/>
  <testcase name="testJWTFilterMissingToken" classname="com.jobg.backend.security.jwt.JWTFilterTest" time="0.001"/>
  <testcase name="testJWTFilterWrongScheme" classname="com.jobg.backend.security.jwt.JWTFilterTest" time="0.002"/>
  <system-out><![CDATA[2018-01-06 17:58:29.930  INFO 32460 --- [    Test worker] c.j.backend.security.jwt.TokenProvider   : Invalid JWT token.
]]></system-out>
  <system-err><![CDATA[]]></system-err>
</testsuite>
