<?xml version="1.0" encoding="UTF-8"?>
<testsuite name="com.jobg.backend.security.jwt.TokenProviderTest" tests="5" skipped="0" failures="0" errors="0" timestamp="2018-01-06T10:58:30" hostname="TRUNGNQs-MacBook-Air.local" time="0.055">
  <properties/>
  <testcase name="testReturnFalseWhenJWTisInvalid" classname="com.jobg.backend.security.jwt.TokenProviderTest" time="0.031"/>
  <testcase name="testReturnFalseWhenJWTisExpired" classname="com.jobg.backend.security.jwt.TokenProviderTest" time="0.01"/>
  <testcase name="testReturnFalseWhenJWThasInvalidSignature" classname="com.jobg.backend.security.jwt.TokenProviderTest" time="0.005"/>
  <testcase name="testReturnFalseWhenJWTisMalformed" classname="com.jobg.backend.security.jwt.TokenProviderTest" time="0.003"/>
  <testcase name="testReturnFalseWhenJWTisUnsupported" classname="com.jobg.backend.security.jwt.TokenProviderTest" time="0.005"/>
  <system-out><![CDATA[2018-01-06 17:58:30.390  INFO 32460 --- [    Test worker] c.j.backend.security.jwt.TokenProvider   : JWT token compact of handler are invalid.
2018-01-06 17:58:30.402  INFO 32460 --- [    Test worker] c.j.backend.security.jwt.TokenProvider   : Expired JWT token.
2018-01-06 17:58:30.407  INFO 32460 --- [    Test worker] c.j.backend.security.jwt.TokenProvider   : Invalid JWT signature.
2018-01-06 17:58:30.410  INFO 32460 --- [    Test worker] c.j.backend.security.jwt.TokenProvider   : Invalid JWT token.
2018-01-06 17:58:30.416  INFO 32460 --- [    Test worker] c.j.backend.security.jwt.TokenProvider   : Unsupported JWT token.
]]></system-out>
  <system-err><![CDATA[]]></system-err>
</testsuite>
